<?xml version="1.0" encoding="UTF-8"?>
<!-- Generated by org.testng.reporters.JUnitReportReporter -->
<testsuite hostname="DESKTOP-UVENGDO" name="MultiBrowser.TestGetPar" tests="1" failures="0" timestamp="12 Jul 2017 12:24:43 GMT" time="0.007" errors="0">
  <testcase name="f" time="0.007" classname="MultiBrowser.TestGetPar"/>
</testsuite> <!-- MultiBrowser.TestGetPar -->
