<?xml version="1.0" encoding="UTF-8"?>
<!-- Generated by org.testng.reporters.JUnitReportReporter -->
<testsuite hostname="DESKTOP-UVENGDO" name="BitrixShopTests.CheckSum2" tests="6" failures="0" timestamp="20 Jul 2017 13:38:30 GMT" time="0.157" errors="0">
  <testcase name="sumFromModel" time="0.001" classname="BitrixShopTests.CheckSum2"/>
  <testcase name="sumFromModel" time="0.000" classname="BitrixShopTests.CheckSum2"/>
  <testcase name="testGetSumFromSite" time="0.038" classname="BitrixShopTests.CheckSum2"/>
  <testcase name="testGetSumFromSite" time="0.039" classname="BitrixShopTests.CheckSum2"/>
  <testcase name="compareSums" time="0.038" classname="BitrixShopTests.CheckSum2"/>
  <testcase name="compareSums" time="0.041" classname="BitrixShopTests.CheckSum2"/>
</testsuite> <!-- BitrixShopTests.CheckSum2 -->
