<?xml version="1.0" encoding="UTF-8"?>
<!-- Generated by org.testng.reporters.JUnitReportReporter -->
<testsuite hostname="DESKTOP-UVENGDO" name="BitrixShopTests.TestNotEC" tests="1" failures="0" timestamp="7 Jul 2017 06:21:56 GMT" time="2.086" errors="0">
  <testcase name="f" time="2.086" classname="BitrixShopTests.TestNotEC"/>
</testsuite> <!-- BitrixShopTests.TestNotEC -->
