<?xml version="1.0" encoding="UTF-8"?>
<!-- Generated by org.testng.reporters.JUnitReportReporter -->
<testsuite hostname="DESKTOP-UVENGDO" name="BitrixShopTests.AddProduct" tests="1" failures="0" timestamp="27 Jun 2017 11:42:35 GMT" time="5.972" errors="0">
  <testcase name="testAddProduct" time="5.972" classname="BitrixShopTests.AddProduct"/>
</testsuite> <!-- BitrixShopTests.AddProduct -->
