<?xml version="1.0" encoding="UTF-8"?>
<!-- Generated by org.testng.reporters.JUnitReportReporter -->
<testsuite hostname="DESKTOP-UVENGDO" name="BitrixShopTests.TestPrint" tests="1" failures="0" timestamp="27 Jun 2017 11:42:35 GMT" time="0.168" errors="0">
  <testcase name="run" time="0.168" classname="BitrixShopTests.TestPrint"/>
</testsuite> <!-- BitrixShopTests.TestPrint -->
