<?xml version="1.0" encoding="UTF-8"?>
<!-- Generated by org.testng.reporters.JUnitReportReporter -->
<testsuite hostname="DESKTOP-UVENGDO" name="BitrixShopTests.CheckCart" tests="2" failures="0" timestamp="19 Jul 2017 10:17:11 GMT" time="2.782" errors="0">
  <testcase name="testCheckCart" time="1.020" classname="BitrixShopTests.CheckCart"/>
  <testcase name="testCheckCart" time="1.762" classname="BitrixShopTests.CheckCart"/>
</testsuite> <!-- BitrixShopTests.CheckCart -->
