<?xml version="1.0" encoding="UTF-8"?>
<!-- Generated by org.testng.reporters.JUnitReportReporter -->
<testsuite hostname="DESKTOP-UVENGDO" name="BitrixShopTests.GetThreeProductsDataFromSite" tests="6" failures="0" timestamp="20 Jul 2017 13:38:30 GMT" time="0.001" errors="0">
  <testcase name="add2" time="0.000" classname="BitrixShopTests.GetThreeProductsDataFromSite"/>
  <testcase name="add1" time="0.000" classname="BitrixShopTests.GetThreeProductsDataFromSite"/>
  <testcase name="add2" time="0.000" classname="BitrixShopTests.GetThreeProductsDataFromSite"/>
  <testcase name="add3" time="0.000" classname="BitrixShopTests.GetThreeProductsDataFromSite"/>
  <testcase name="add3" time="0.001" classname="BitrixShopTests.GetThreeProductsDataFromSite"/>
  <testcase name="add1" time="0.000" classname="BitrixShopTests.GetThreeProductsDataFromSite"/>
</testsuite> <!-- BitrixShopTests.GetThreeProductsDataFromSite -->
