<?xml version="1.0" encoding="UTF-8"?>
<!-- Generated by org.testng.reporters.JUnitReportReporter -->
<testsuite hostname="DESKTOP-UVENGDO" name="BitrixShopTests.AddManTsClearly" tests="2" failures="0" timestamp="20 Jul 2017 13:38:30 GMT" time="2.910" errors="0">
  <testcase name="testAddProduct" time="0.872" classname="BitrixShopTests.AddManTsClearly"/>
  <testcase name="testAddProduct" time="2.038" classname="BitrixShopTests.AddManTsClearly"/>
</testsuite> <!-- BitrixShopTests.AddManTsClearly -->
