<?xml version="1.0" encoding="UTF-8"?>
<!-- Generated by org.testng.reporters.JUnitReportReporter -->
<testsuite hostname="DESKTOP-UVENGDO" name="BitrixShopTests.AddWomanTsClearly" tests="2" failures="0" timestamp="20 Jul 2017 13:38:30 GMT" time="1.802" errors="0">
  <testcase name="testAddProduct" time="0.934" classname="BitrixShopTests.AddWomanTsClearly"/>
  <testcase name="testAddProduct" time="0.868" classname="BitrixShopTests.AddWomanTsClearly"/>
</testsuite> <!-- BitrixShopTests.AddWomanTsClearly -->
