<?xml version="1.0" encoding="UTF-8"?>
<!-- Generated by org.testng.reporters.JUnitReportReporter -->
<testsuite hostname="DESKTOP-UVENGDO" name="Lion.Test.TestGraphOne" tests="1" failures="0" timestamp="6 Sep 2017 08:58:45 GMT" time="0.009" errors="0">
  <testcase name="startFromHungry" time="0.009" classname="Lion.Test.TestGraphOne"/>
</testsuite> <!-- Lion.Test.TestGraphOne -->
