<?xml version="1.0" encoding="UTF-8"?>
<!-- Generated by org.testng.reporters.JUnitReportReporter -->
<testsuite hostname="DESKTOP-UVENGDO" name="StaticProvider.GetAllData" tests="4" failures="0" timestamp="3 Jul 2017 11:13:08 GMT" time="0.003" errors="0">
  <testcase name="add2" time="0.001" classname="StaticProvider.GetAllData"/>
  <testcase name="add1" time="0.001" classname="StaticProvider.GetAllData"/>
  <testcase name="print" time="0.000" classname="StaticProvider.GetAllData"/>
  <testcase name="add3" time="0.001" classname="StaticProvider.GetAllData"/>
</testsuite> <!-- StaticProvider.GetAllData -->
