<?xml version="1.0" encoding="UTF-8"?>
<!-- Generated by org.testng.reporters.JUnitReportReporter -->
<testsuite hostname="DESKTOP-UVENGDO" name="StaticProvider.MyTest" tests="1" failures="0" timestamp="28 Jun 2017 06:00:46 GMT" time="0.007" errors="0">
  <testcase name="test" time="0.007" classname="StaticProvider.MyTest"/>
</testsuite> <!-- StaticProvider.MyTest -->
