<?xml version="1.0" encoding="UTF-8"?>
<!-- Generated by org.testng.reporters.JUnitReportReporter -->
<testsuite hostname="DESKTOP-UVENGDO" name="BitrixShopTests.AddProductsToCartAndModel" tests="1" failures="0" timestamp="28 Jun 2017 06:59:07 GMT" time="5.380" errors="0">
  <testcase name="testAddProduct" time="5.380" classname="BitrixShopTests.AddProductsToCartAndModel"/>
</testsuite> <!-- BitrixShopTests.AddProductsToCartAndModel -->
