<?xml version="1.0" encoding="UTF-8"?>
<!-- Generated by org.testng.reporters.JUnitReportReporter -->
<testsuite hostname="DESKTOP-UVENGDO" name="app.ProductsSelector" tests="1" failures="0" timestamp="3 Jul 2017 11:13:08 GMT" time="0.110" errors="0">
  <testcase name="testProductsSelector" time="0.110" classname="app.ProductsSelector"/>
</testsuite> <!-- app.ProductsSelector -->
