<?xml version="1.0" encoding="UTF-8"?>
<!-- Generated by org.testng.reporters.JUnitReportReporter -->
<testsuite hostname="DESKTOP-UVENGDO" name="BitrixShopTests.GetAllData" tests="4" failures="0" timestamp="29 Jun 2017 06:03:15 GMT" time="0.002" errors="0">
  <testcase name="add1" time="0.001" classname="BitrixShopTests.GetAllData"/>
  <testcase name="add3" time="0.000" classname="BitrixShopTests.GetAllData"/>
  <testcase name="add2" time="0.000" classname="BitrixShopTests.GetAllData"/>
  <testcase name="print" time="0.001" classname="BitrixShopTests.GetAllData"/>
</testsuite> <!-- BitrixShopTests.GetAllData -->
