<?xml version="1.0" encoding="UTF-8"?>
<!-- Generated by org.testng.reporters.JUnitReportReporter -->
<testsuite hostname="DESKTOP-UVENGDO" name="BitrixOOP.AddProduct" tests="1" failures="0" timestamp="27 Jun 2017 06:51:52 GMT" time="9.890" errors="0">
  <testcase name="testAddProduct" time="9.890" classname="BitrixOOP.AddProduct"/>
</testsuite> <!-- BitrixOOP.AddProduct -->
