<?xml version="1.0" encoding="UTF-8"?>
<!-- Generated by org.testng.reporters.JUnitReportReporter -->
<testsuite hostname="DESKTOP-UVENGDO" name="BitrixShopTests.AddThreeProducts" tests="1" failures="0" timestamp="3 Jul 2017 11:13:08 GMT" time="5.799" errors="0">
  <testcase name="testAddProduct" time="5.799" classname="BitrixShopTests.AddThreeProducts"/>
</testsuite> <!-- BitrixShopTests.AddThreeProducts -->
