<?xml version="1.0" encoding="UTF-8"?>
<!-- Generated by org.testng.reporters.JUnitReportReporter -->
<testsuite hostname="DESKTOP-UVENGDO" name="TestProp.TestProp" tests="1" failures="0" timestamp="21 Jul 2017 06:36:54 GMT" time="0.008" errors="0">
  <testcase name="f" time="0.008" classname="TestProp.TestProp"/>
</testsuite> <!-- TestProp.TestProp -->
