<?xml version="1.0" encoding="UTF-8"?>
<!-- Generated by org.testng.reporters.JUnitReportReporter -->
<testsuite hostname="DESKTOP-UVENGDO" name="BitrixShopTests.AddWomanTsNight" tests="2" failures="0" timestamp="20 Jul 2017 13:38:30 GMT" time="1.888" errors="0">
  <testcase name="testAddProduct" time="0.970" classname="BitrixShopTests.AddWomanTsNight"/>
  <testcase name="testAddProduct" time="0.918" classname="BitrixShopTests.AddWomanTsNight"/>
</testsuite> <!-- BitrixShopTests.AddWomanTsNight -->
