<?xml version="1.0" encoding="UTF-8"?>
<!-- Generated by org.testng.reporters.JUnitReportReporter -->
<testsuite hostname="DESKTOP-UVENGDO" name="BitrixShopTests.SuiteRunMsg" tests="1" failures="0" timestamp="3 Jul 2017 11:13:08 GMT" time="0.058" errors="0">
  <testcase name="run" time="0.058" classname="BitrixShopTests.SuiteRunMsg"/>
</testsuite> <!-- BitrixShopTests.SuiteRunMsg -->
