<?xml version="1.0" encoding="UTF-8"?>
<!-- Generated by org.testng.reporters.JUnitReportReporter -->
<testsuite hostname="DESKTOP-UVENGDO" name="BitrixShopTests.Start" tests="2" failures="0" timestamp="20 Jul 2017 13:38:30 GMT" time="6.593" errors="0">
  <testcase name="testStart" time="3.843" classname="BitrixShopTests.Start"/>
  <testcase name="testStart" time="2.750" classname="BitrixShopTests.Start"/>
</testsuite> <!-- BitrixShopTests.Start -->
