<?xml version="1.0" encoding="UTF-8"?>
<!-- Generated by org.testng.reporters.JUnitReportReporter -->
<testsuite hostname="DESKTOP-UVENGDO" name="BitrixShopTests.EditModel" tests="2" failures="0" timestamp="20 Jul 2017 13:38:30 GMT" time="0.000" errors="0">
  <testcase name="testEditModel" time="0.000" classname="BitrixShopTests.EditModel"/>
  <testcase name="testEditModel" time="0.000" classname="BitrixShopTests.EditModel"/>
</testsuite> <!-- BitrixShopTests.EditModel -->
