<?xml version="1.0" encoding="UTF-8"?>
<!-- Generated by org.testng.reporters.JUnitReportReporter -->
<testsuite hostname="DESKTOP-UVENGDO" name="TwoDataProviders.Create" tests="2" failures="0" timestamp="18 Jul 2017 09:16:03 GMT" time="0.004" errors="0">
  <testcase name="f" time="0.003" classname="TwoDataProviders.Create"/>
  <testcase name="f" time="0.001" classname="TwoDataProviders.Create"/>
</testsuite> <!-- TwoDataProviders.Create -->
