<?xml version="1.0" encoding="UTF-8"?>
<!-- Generated by org.testng.reporters.JUnitReportReporter -->
<testsuite hostname="DESKTOP-UVENGDO" name="BitrixShopTests.EditCart" tests="2" failures="0" timestamp="20 Jul 2017 13:38:30 GMT" time="6.637" errors="0">
  <testcase name="testEditCart" time="3.331" classname="BitrixShopTests.EditCart"/>
  <testcase name="testEditCart" time="3.306" classname="BitrixShopTests.EditCart"/>
</testsuite> <!-- BitrixShopTests.EditCart -->
