<?xml version="1.0" encoding="UTF-8"?>
<!-- Generated by org.testng.reporters.JUnitReportReporter -->
<testsuite hostname="DESKTOP-UVENGDO" name="automationFramework.MultiBrowser" tests="2" failures="0" timestamp="11 Jul 2017 11:30:00 GMT" time="8.858" errors="0">
  <testcase name="login" time="4.822" classname="automationFramework.MultiBrowser"/>
  <testcase name="login" time="4.036" classname="automationFramework.MultiBrowser"/>
</testsuite> <!-- automationFramework.MultiBrowser -->
